D, [2018-03-31T02:28:41.031345 #56142] DEBUG -- : Huluクローラーのインスタンス生成
D, [2018-03-31T02:28:41.031466 #56142] DEBUG -- : chrome起動
D, [2018-03-31T02:28:44.456581 #56142] DEBUG -- : ロードが完全に完了するまで待つ
D, [2018-03-31T02:28:49.459124 #56142] DEBUG -- : すべての海外ドラマ・TV
D, [2018-03-31T02:28:54.954965 #56142] DEBUG -- : カテゴリ情報の取得
D, [2018-03-31T02:28:54.982541 #56142] DEBUG -- : 海外ドラマ･TV/▼すべての海外ドラマ･TV
D, [2018-03-31T02:28:54.982621 #56142] DEBUG -- : 無限スクロール
D, [2018-03-31T02:28:54.982671 #56142] DEBUG -- : コンテンツURLの取得
D, [2018-03-31T02:28:55.458062 #56142] DEBUG -- : コンテンツページ開く
D, [2018-03-31T02:28:57.642031 #56142] DEBUG -- : {:thumbnail=>"https://img.happyon.jp/d3urerHm/uploads/1f884a8c-1df5-47ac-a8b6-d11e811ef9c1.jpg?size=1600x600", :title=>"ウォーキング･デッド", :original_title=>"Error Message: selector value is empty.", :release_year=>"2010", :running_time=>"48", :summary=>"『ターミネーター』のプロデューサーが贈る超話題作! “ウォーカー”と呼ばれるゾンビがはびこる黙示録的なアメリカを舞台に、保安官リック率いる生存者たちが、安住の地を求めて恐怖に立ち向かう姿を描くヒューマンドラマ。", :poster_image=>"Error Message: selector value is empty.", :genre=>["ホラー", "サスペンス／ミステリー", "ヒューマンドラマ"], :cast=>["アンドリュー･リンカーン", "ノーマン･リーダス", "ローレン･コーハン", "スティーヴン･ユアン", "チャンドラー･リッグス", "ダナイ･グリラ", "メリッサ･マクブライド", "レニー･ジェームズ", "サラ･ウェイン･キャリーズ", "ジョシュ･マクダーミット", "クリスチャン･セラトス", "マイケル･カドリッツ", "アラナ･マスターソン", "スティーヴン･ユァン", "セス･ギリアム", "ロス･マーカンド", "ソネクア･マーティン=グリーン", "ジェフリー･ディーン･モーガン", "オースティン･アメリオ", "ジョン･バーンサル"], :director=>"フランク･ダラボン", :url=>"https://www.happyon.jp/the-walking-dead", :site_name=>"Hulu", :category_name=>"海外ドラマ･TV/▼すべての海外ドラマ･TV"}
D, [2018-03-31T02:28:58.073079 #56142] DEBUG -- : Error: uninitialized constant SaveDatabaseTask::DatabaseDelegator
D, [2018-03-31T02:29:00.669042 #56142] DEBUG -- : {:thumbnail=>"https://img.happyon.jp/d3urerHm/uploads/2446fea1-20d3-42af-b7f8-2a346b2a0d36.jpg?size=1600x600", :title=>"ウェントワース女子刑務所", :original_title=>"Error Message: selector value is empty.", :release_year=>"2013", :running_time=>"49", :summary=>"【Huluプレミア】オーストラリアの人気ドラマ「Prisoner Cell Block H」のリメイク作品。主要なキャラクターはそのままに、ストーリーを再構築。本シリーズでは、主人公ビー･スミスがいかにして「伝説」と呼ばれるまで上り詰めたか、その知られざる物語に迫る。", :poster_image=>"Error Message: selector value is empty.", :genre=>["ヒューマンドラマ"], :cast=>["ニコール･ダ･シルバ", "ダニエル･コーマック", "パメラ･レーブ", "タミー･マッキントッシュ", "クリス･マクウェイド", "ケイト･ジェンキンソン", "リーアナ･ワルスマン", "カトリーナ･ミロシェヴィッチ", "ケイト･アトキンソン", "シャリーナ･クラントン", "セリア･アイアランド", "ソクラティス･オットー", "アーロン･ジェフリー", "シグリッド･ソーントン", "ロビー･マガシヴァ", "キャサリン･マクレメンツ", "バーナード･カリー"], :director=>"ジョー･ポーター", :url=>"https://www.happyon.jp/wentworth", :site_name=>"Hulu", :category_name=>"海外ドラマ･TV/▼すべての海外ドラマ･TV"}
D, [2018-03-31T02:29:01.088813 #56142] DEBUG -- : Error: uninitialized constant SaveDatabaseTask::DatabaseDelegator
D, [2018-03-31T02:29:05.121658 #56142] DEBUG -- : {:thumbnail=>"https://img.happyon.jp/d3urerHm/uploads/31fea97f-6eba-4570-bc02-c7e560eb37ee.jpg?size=1600x600", :title=>"ハンドメイズ･テイル／侍女の物語", :original_title=>"Error Message: selector value is empty.", :release_year=>"2017", :running_time=>"58", :summary=>"【Hulu独占配信】2018年ゴールデングローブ賞 テレビシリーズドラマ部門 作品賞･主演女優賞受賞。第69回エミー賞主要部門制覇。 カナダ文学界の巨匠マーガレット･アトウッドのディストピア小説をドラマ化。全米で社会現象を巻き起こし、世界中で物議を醸し出している衝撃作。行動を極限まで制限された監視下の世界で、どのように今を“生き抜く”かが、主人公の目線を通して力強く描かれる。", :poster_image=>"Error Message: selector value is empty.", :genre=>["ヒューマンドラマ", "SF"], :cast=>["エリザベス･モス", "イヴォンヌ･ストラホフスキー", "ジョセフ･ファインズ", "マデリーン･ブリューワー", "サミラ･ワイリー", "アレクシス･ブレデル", "アン･ダウド", "O.T.ファグベンル", "マックス･ミンゲラ"], :director=>"ブルース･ミラー", :url=>"https://www.happyon.jp/the-handmaids-tale", :site_name=>"Hulu", :category_name=>"海外ドラマ･TV/▼すべての海外ドラマ･TV"}
D, [2018-03-31T02:29:05.571092 #56142] DEBUG -- : Error: uninitialized constant SaveDatabaseTask::DatabaseDelegator
D, [2018-03-31T02:29:12.509756 #56142] DEBUG -- : {:thumbnail=>"https://img.happyon.jp/d3urerHm/uploads/245835f1-5242-4b7b-82f8-f0a9790df155.jpg?size=1600x600", :title=>"SUPERGIRL／スーパーガール", :original_title=>"Error Message: selector value is empty.", :release_year=>"2015", :running_time=>"46", :summary=>"Error Message: Uncaught exception. No such element.", :poster_image=>"Error Message: selector value is empty.", :genre=>["アクション", "アドベンチャー", "ヒューマンドラマ"], :cast=>nil, :director=>"Error Message: Uncaught exception. No such element.", :url=>"https://www.happyon.jp/supergirl", :site_name=>"Hulu", :category_name=>"海外ドラマ･TV/▼すべての海外ドラマ･TV"}
D, [2018-03-31T02:29:12.986230 #56142] DEBUG -- : Error: uninitialized constant SaveDatabaseTask::DatabaseDelegator
D, [2018-03-31T02:29:15.698183 #56142] DEBUG -- : {:thumbnail=>"https://img.happyon.jp/d3urerHm/uploads/32793920-7c07-4349-bd49-fc84cb49dfb8.jpg?size=1600x600", :title=>"インポスターズ 愛しの結婚詐欺師", :original_title=>"Error Message: selector value is empty.", :release_year=>"2017", :running_time=>"46", :summary=>"【Huluプレミア】主人公マディは、美しく危険な女性詐欺師。マディは結婚相手から、ある日突然、全財産を盗み姿を消してしまう。詐欺の被害に遭いながらも、心まですっかり奪われた彼らはもう一度彼女に会うことができるのか…。", :poster_image=>"Error Message: selector value is empty.", :genre=>["サスペンス／ミステリー", "コメディ"], :cast=>["インバー･ラヴィ", "ロブ･ヒープス", "パーカー･ヤング", "マリアン･レンドン", "ステファン･ビショップ", "ブライアン･ベンベン", "キャサリン･ラ･ナサ", "ユマ･サーマン"], :director=>"アダム･ブルックス", :url=>"https://www.happyon.jp/imposters", :site_name=>"Hulu", :category_name=>"海外ドラマ･TV/▼すべての海外ドラマ･TV"}
D, [2018-03-31T02:29:16.164379 #56142] DEBUG -- : Error: uninitialized constant SaveDatabaseTask::DatabaseDelegator
D, [2018-03-31T02:29:19.035351 #56142] DEBUG -- : {:thumbnail=>"https://img.happyon.jp/d3urerHm/uploads/f97fdc7f-e85e-4a16-952c-7e0cd6d97314.jpg?size=1600x600", :title=>"ザ･ブレイブ：エリート特殊部隊 (FOXチャンネル)", :original_title=>"Error Message: selector value is empty.", :release_year=>"2017", :running_time=>"43", :summary=>"国家を脅かすテロに立ち向かい、世界中の危険地帯で戦う米国エリート特殊部隊をリアルに描く、1話完結のミリタリー･アクションドラマ。ワシントンD.C.を拠点に、アメリカ国防情報局 (D.I.A) 副長官、パトリシア･キャンベル (アン･ヘッシュ) の指示のもと、地上特殊部隊のリーダー、アダム･ダルトン (マイク･ヴォーゲル) 率いる4人のメンバーが世界中の危険地帯で、命がけで任務を遂行! 今、まさに世界中で「テロ」と戦っている兵士たちの現実が目の前で繰り広げられるかのようだ。しかし、このドラマの魅力はそれだけでは終わらない! 緊迫のストーリーの中にもクスッと笑える面白さと、超イケメン特殊部隊のリーダーと仲間たちの見事なチームワークから、あなたは目が離せない!", :poster_image=>"Error Message: selector value is empty.", :genre=>["アクション", "サスペンス／ミステリー"], :cast=>["マイク･ヴォーゲル", "アン･ヘッシュ", "ナターシャ･カラム", "デミトリアス･グロッセ", "ノア･ミルズ", "ハディ･タバル", "ソフィア･ぺルナス", "テイト･エリングトン"], :director=>"ブラッド･アンダーソン", :url=>"https://www.happyon.jp/fox-channel-the-brave", :site_name=>"Hulu", :category_name=>"海外ドラマ･TV/▼すべての海外ドラマ･TV"}
D, [2018-03-31T02:29:19.482284 #56142] DEBUG -- : Error: uninitialized constant SaveDatabaseTask::DatabaseDelegator
D, [2018-03-31T02:29:22.457671 #56142] DEBUG -- : {:thumbnail=>"https://img.happyon.jp/d3urerHm/uploads/2e794b4d-394a-4b87-87f2-79c070fbb9a8.jpg?size=1600x600", :title=>"マーベル インヒューマンズ", :original_title=>"Error Message: selector value is empty.", :release_year=>"2017", :running_time=>"43", :summary=>"インヒューマンズの威厳ある王ブラックボルトは、軽くささやくだけで都市を破壊できるほどの声の力を持っていた。ある日、軍事クーデターによって月を追われて散り散りになった彼ら王族たち (=ロイヤルファミリー) は、地球のハワイへと逃れる。ハワイの豊かな自然と文化、そこに暮らす人々との触れあいは、ロイヤルファミリーにとって思いがけないものであった。しかもそれは、彼らだけでなく、地球を救う鍵となっていく。だが、これまでの生き方が永遠に失われてしまう前に、彼らは何としてでも、自分の故郷に再び戻らなければならない。", :poster_image=>"Error Message: selector value is empty.", :genre=>["SF", "アクション"], :cast=>["アンソン･マウント", "イワン･リオン", "セリンダ･スワン", "エミ･イクワーカー", "イザベル･コーニッシュ", "ケン･レオン", "エレン･ウォグロム", "ソニア･バルモアズ", "マイク･モー"], :director=>"クリス･フィッシャー", :url=>"https://www.happyon.jp/marvels-inhumans", :site_name=>"Hulu", :category_name=>"海外ドラマ･TV/▼すべての海外ドラマ･TV"}
D, [2018-03-31T02:30:45.393642 #60747] DEBUG -- : Huluクローラーのインスタンス生成
D, [2018-03-31T02:30:45.393741 #60747] DEBUG -- : chrome起動
D, [2018-03-31T02:30:48.683860 #60747] DEBUG -- : ロードが完全に完了するまで待つ
D, [2018-03-31T02:30:53.688032 #60747] DEBUG -- : すべての海外ドラマ・TV
D, [2018-03-31T02:30:59.200907 #60747] DEBUG -- : カテゴリ情報の取得
D, [2018-03-31T02:30:59.229473 #60747] DEBUG -- : 海外ドラマ･TV/▼すべての海外ドラマ･TV
D, [2018-03-31T02:30:59.229552 #60747] DEBUG -- : 無限スクロール
D, [2018-03-31T02:30:59.229599 #60747] DEBUG -- : コンテンツURLの取得
D, [2018-03-31T02:30:59.716091 #60747] DEBUG -- : コンテンツページ開く
D, [2018-03-31T02:31:02.248308 #60747] DEBUG -- : {:thumbnail=>"https://img.happyon.jp/d3urerHm/uploads/1f884a8c-1df5-47ac-a8b6-d11e811ef9c1.jpg?size=1600x600", :title=>"ウォーキング･デッド", :original_title=>"Error Message: selector value is empty.", :release_year=>"2010", :running_time=>"48", :summary=>"『ターミネーター』のプロデューサーが贈る超話題作! “ウォーカー”と呼ばれるゾンビがはびこる黙示録的なアメリカを舞台に、保安官リック率いる生存者たちが、安住の地を求めて恐怖に立ち向かう姿を描くヒューマンドラマ。", :poster_image=>"Error Message: selector value is empty.", :genre=>["ホラー", "サスペンス／ミステリー", "ヒューマンドラマ"], :cast=>["アンドリュー･リンカーン", "ノーマン･リーダス", "ローレン･コーハン", "スティーヴン･ユアン", "チャンドラー･リッグス", "ダナイ･グリラ", "メリッサ･マクブライド", "レニー･ジェームズ", "サラ･ウェイン･キャリーズ", "ジョシュ･マクダーミット", "クリスチャン･セラトス", "マイケル･カドリッツ", "アラナ･マスターソン", "スティーヴン･ユァン", "セス･ギリアム", "ロス･マーカンド", "ソネクア･マーティン=グリーン", "ジェフリー･ディーン･モーガン", "オースティン･アメリオ", "ジョン･バーンサル"], :director=>"フランク･ダラボン", :url=>"https://www.happyon.jp/the-walking-dead", :site_name=>"Hulu", :category_name=>"海外ドラマ･TV/▼すべての海外ドラマ･TV"}
D, [2018-03-31T02:31:02.686599 #60747] DEBUG -- : Error: uninitialized constant SaveDatabaseTask::DatabaseDelegator
D, [2018-03-31T02:31:05.332880 #60747] DEBUG -- : {:thumbnail=>"https://img.happyon.jp/d3urerHm/uploads/2446fea1-20d3-42af-b7f8-2a346b2a0d36.jpg?size=1600x600", :title=>"ウェントワース女子刑務所", :original_title=>"Error Message: selector value is empty.", :release_year=>"2013", :running_time=>"49", :summary=>"【Huluプレミア】オーストラリアの人気ドラマ「Prisoner Cell Block H」のリメイク作品。主要なキャラクターはそのままに、ストーリーを再構築。本シリーズでは、主人公ビー･スミスがいかにして「伝説」と呼ばれるまで上り詰めたか、その知られざる物語に迫る。", :poster_image=>"Error Message: selector value is empty.", :genre=>["ヒューマンドラマ"], :cast=>["ニコール･ダ･シルバ", "ダニエル･コーマック", "パメラ･レーブ", "タミー･マッキントッシュ", "クリス･マクウェイド", "ケイト･ジェンキンソン", "リーアナ･ワルスマン", "カトリーナ･ミロシェヴィッチ", "ケイト･アトキンソン", "シャリーナ･クラントン", "セリア･アイアランド", "ソクラティス･オットー", "アーロン･ジェフリー", "シグリッド･ソーントン", "ロビー･マガシヴァ", "キャサリン･マクレメンツ", "バーナード･カリー"], :director=>"ジョー･ポーター", :url=>"https://www.happyon.jp/wentworth", :site_name=>"Hulu", :category_name=>"海外ドラマ･TV/▼すべての海外ドラマ･TV"}
D, [2018-03-31T02:31:05.783412 #60747] DEBUG -- : Error: uninitialized constant SaveDatabaseTask::DatabaseDelegator
D, [2018-03-31T02:31:08.400996 #60747] DEBUG -- : {:thumbnail=>"https://img.happyon.jp/d3urerHm/uploads/31fea97f-6eba-4570-bc02-c7e560eb37ee.jpg?size=1600x600", :title=>"ハンドメイズ･テイル／侍女の物語", :original_title=>"Error Message: selector value is empty.", :release_year=>"2017", :running_time=>"58", :summary=>"【Hulu独占配信】2018年ゴールデングローブ賞 テレビシリーズドラマ部門 作品賞･主演女優賞受賞。第69回エミー賞主要部門制覇。 カナダ文学界の巨匠マーガレット･アトウッドのディストピア小説をドラマ化。全米で社会現象を巻き起こし、世界中で物議を醸し出している衝撃作。行動を極限まで制限された監視下の世界で、どのように今を“生き抜く”かが、主人公の目線を通して力強く描かれる。", :poster_image=>"Error Message: selector value is empty.", :genre=>["ヒューマンドラマ", "SF"], :cast=>["エリザベス･モス", "イヴォンヌ･ストラホフスキー", "ジョセフ･ファインズ", "マデリーン･ブリューワー", "サミラ･ワイリー", "アレクシス･ブレデル", "アン･ダウド", "O.T.ファグベンル", "マックス･ミンゲラ"], :director=>"ブルース･ミラー", :url=>"https://www.happyon.jp/the-handmaids-tale", :site_name=>"Hulu", :category_name=>"海外ドラマ･TV/▼すべての海外ドラマ･TV"}
D, [2018-03-31T02:31:08.836509 #60747] DEBUG -- : Error: uninitialized constant SaveDatabaseTask::DatabaseDelegator
D, [2018-03-31T02:31:11.176584 #60747] DEBUG -- : Error: no such window: target window already closed
from unknown error: web view not found
  (Session info: chrome=65.0.3325.181)
  (Driver info: chromedriver=2.36.540469 (1881fd7f8641508feb5166b7cae561d87723cfa8),platform=Mac OS X 10.12.6 x86_64)
D, [2018-03-31T02:31:11.176722 #60747] DEBUG -- : Error: https://www.happyon.jp/supergirl
